This file contains any messages produced by compilers while
running configure, to aid debugging if configure makes a mistake.

It was created by wsnet configure 0.7cvs, which was
generated by GNU Autoconf 2.69.  Invocation command line was

  $ ./configure --prefix=/home/wsnet/too/wsnet-module --libdir=/home/wsnet/too/wsnet-module/lib --with-wsnet-dir=/usr/local/wsnet-2.0

## --------- ##
## Platform. ##
## --------- ##

hostname = osboxes
uname -m = i686
uname -r = 3.18.0-11-generic
uname -s = Linux
uname -v = #12-Ubuntu SMP Fri Jan 23 22:45:24 UTC 2015

/usr/bin/uname -p = unknown
/bin/uname -X     = unknown

/bin/arch              = unknown
/usr/bin/arch -k       = unknown
/usr/convex/getsysinfo = unknown
/usr/bin/hostinfo      = unknown
/bin/machine           = unknown
/usr/bin/oslevel       = unknown
/bin/universe          = unknown

PATH: /usr/local/sbin
PATH: /usr/local/bin
PATH: /usr/sbin
PATH: /usr/bin
PATH: /sbin
PATH: /bin
PATH: /usr/games
PATH: /usr/local/games
PATH: /usr/local/wsnet-2.0/bin
PATH: /usr/local/wsnet-2.0/bin
PATH: /home/wsnet/bin
PATH: /usr/local/wsnet-2.0/bin
PATH: /home/wsnet/bin


## ----------- ##
## Core tests. ##
## ----------- ##

configure:2171: checking build system type
configure:2185: result: i686-pc-linux-gnu
configure:2205: checking host system type
configure:2218: result: i686-pc-linux-gnu
configure:2238: checking target system type
configure:2251: result: i686-pc-linux-gnu
configure:2293: checking for a BSD-compatible install
configure:2361: result: /usr/bin/install -c
configure:2372: checking whether build environment is sane
configure:2427: result: yes
configure:2578: checking for a thread-safe mkdir -p
configure:2617: result: /bin/mkdir -p
configure:2624: checking for gawk
configure:2654: result: no
configure:2624: checking for mawk
configure:2640: found /usr/bin/mawk
configure:2651: result: mawk
configure:2662: checking whether make sets $(MAKE)
configure:2684: result: yes
configure:2713: checking whether make supports nested variables
configure:2730: result: yes
configure:2923: checking for ranlib
configure:2939: found /usr/bin/ranlib
configure:2950: result: ranlib
configure:3023: checking how to print strings
configure:3050: result: printf
configure:3083: checking for style of include used by make
configure:3111: result: GNU
configure:3182: checking for gcc
configure:3198: found /usr/bin/gcc
configure:3209: result: gcc
configure:3438: checking for C compiler version
configure:3447: gcc --version >&5
gcc (Ubuntu 4.9.2-10ubuntu2) 4.9.2
Copyright (C) 2014 Free Software Foundation, Inc.
This is free software; see the source for copying conditions.  There is NO
warranty; not even for MERCHANTABILITY or FITNESS FOR A PARTICULAR PURPOSE.

configure:3458: $? = 0
configure:3447: gcc -v >&5
Using built-in specs.
COLLECT_GCC=gcc
COLLECT_LTO_WRAPPER=/usr/lib/gcc/i686-linux-gnu/4.9/lto-wrapper
Target: i686-linux-gnu
Configured with: ../src/configure -v --with-pkgversion='Ubuntu 4.9.2-10ubuntu2' --with-bugurl=file:///usr/share/doc/gcc-4.9/README.Bugs --enable-languages=c,c++,java,go,d,fortran,objc,obj-c++ --prefix=/usr --program-suffix=-4.9 --enable-shared --enable-linker-build-id --libexecdir=/usr/lib --without-included-gettext --enable-threads=posix --with-gxx-include-dir=/usr/include/c++/4.9 --libdir=/usr/lib --enable-nls --with-sysroot=/ --enable-clocale=gnu --enable-libstdcxx-debug --enable-libstdcxx-time=yes --enable-gnu-unique-object --disable-vtable-verify --enable-plugin --with-system-zlib --disable-browser-plugin --enable-java-awt=gtk --enable-gtk-cairo --with-java-home=/usr/lib/jvm/java-1.5.0-gcj-4.9-i386/jre --enable-java-home --with-jvm-root-dir=/usr/lib/jvm/java-1.5.0-gcj-4.9-i386 --with-jvm-jar-dir=/usr/lib/jvm-exports/java-1.5.0-gcj-4.9-i386 --with-arch-directory=i386 --with-ecj-jar=/usr/share/java/eclipse-ecj.jar --enable-objc-gc --enable-targets=all --enable-multiarch --disable-werror --with-arch-32=i686 --with-multilib-list=m32,m64,mx32 --enable-multilib --with-tune=generic --enable-checking=release --build=i686-linux-gnu --host=i686-linux-gnu --target=i686-linux-gnu
Thread model: posix
gcc version 4.9.2 (Ubuntu 4.9.2-10ubuntu2) 
configure:3458: $? = 0
configure:3447: gcc -V >&5
gcc: error: unrecognized command line option '-V'
gcc: fatal error: no input files
compilation terminated.
configure:3458: $? = 4
configure:3447: gcc -qversion >&5
gcc: error: unrecognized command line option '-qversion'
gcc: fatal error: no input files
compilation terminated.
configure:3458: $? = 4
configure:3478: checking whether the C compiler works
configure:3500: gcc -O2 -I/usr/local/wsnet-2.0    conftest.c  >&5
configure:3504: $? = 0
configure:3552: result: yes
configure:3555: checking for C compiler default output file name
configure:3557: result: a.out
configure:3563: checking for suffix of executables
configure:3570: gcc -o conftest -O2 -I/usr/local/wsnet-2.0    conftest.c  >&5
configure:3574: $? = 0
configure:3596: result: 
configure:3618: checking whether we are cross compiling
configure:3626: gcc -o conftest -O2 -I/usr/local/wsnet-2.0    conftest.c  >&5
configure:3630: $? = 0
configure:3637: ./conftest
configure:3641: $? = 0
configure:3656: result: no
configure:3661: checking for suffix of object files
configure:3683: gcc -c -O2 -I/usr/local/wsnet-2.0   conftest.c >&5
configure:3687: $? = 0
configure:3708: result: o
configure:3712: checking whether we are using the GNU C compiler
configure:3731: gcc -c -O2 -I/usr/local/wsnet-2.0   conftest.c >&5
configure:3731: $? = 0
configure:3740: result: yes
configure:3749: checking whether gcc accepts -g
configure:3769: gcc -c -g  conftest.c >&5
configure:3769: $? = 0
configure:3810: result: yes
configure:3827: checking for gcc option to accept ISO C89
configure:3890: gcc  -c -O2 -I/usr/local/wsnet-2.0   conftest.c >&5
configure:3890: $? = 0
configure:3903: result: none needed
configure:3928: checking whether gcc understands -c and -o together
configure:3950: gcc -c conftest.c -o conftest2.o
configure:3953: $? = 0
configure:3950: gcc -c conftest.c -o conftest2.o
configure:3953: $? = 0
configure:3965: result: yes
configure:3984: checking dependency style of gcc
configure:4095: result: gcc3
configure:4110: checking for a sed that does not truncate output
configure:4174: result: /bin/sed
configure:4192: checking for grep that handles long lines and -e
configure:4250: result: /bin/grep
configure:4255: checking for egrep
configure:4317: result: /bin/grep -E
configure:4322: checking for fgrep
configure:4384: result: /bin/grep -F
configure:4419: checking for ld used by gcc
configure:4486: result: /usr/bin/ld
configure:4493: checking if the linker (/usr/bin/ld) is GNU ld
configure:4508: result: yes
configure:4520: checking for BSD- or MS-compatible name lister (nm)
configure:4569: result: /usr/bin/nm -B
configure:4699: checking the name lister (/usr/bin/nm -B) interface
configure:4706: gcc -c -O2 -I/usr/local/wsnet-2.0   conftest.c >&5
configure:4709: /usr/bin/nm -B "conftest.o"
configure:4712: output
00000000 B some_variable
configure:4719: result: BSD nm
configure:4722: checking whether ln -s works
configure:4726: result: yes
configure:4734: checking the maximum length of command line arguments
configure:4865: result: 1572864
configure:4882: checking whether the shell understands some XSI constructs
configure:4892: result: yes
configure:4896: checking whether the shell understands "+="
configure:4902: result: yes
configure:4937: checking how to convert i686-pc-linux-gnu file names to i686-pc-linux-gnu format
configure:4977: result: func_convert_file_noop
configure:4984: checking how to convert i686-pc-linux-gnu file names to toolchain format
configure:5004: result: func_convert_file_noop
configure:5011: checking for /usr/bin/ld option to reload object files
configure:5018: result: -r
configure:5092: checking for objdump
configure:5108: found /usr/bin/objdump
configure:5119: result: objdump
configure:5151: checking how to recognize dependent libraries
configure:5349: result: pass_all
configure:5434: checking for dlltool
configure:5464: result: no
configure:5494: checking how to associate runtime and link libraries
configure:5521: result: printf %s\n
configure:5582: checking for ar
configure:5598: found /usr/bin/ar
configure:5609: result: ar
configure:5646: checking for archiver @FILE support
configure:5663: gcc -c -O2 -I/usr/local/wsnet-2.0   conftest.c >&5
configure:5663: $? = 0
configure:5666: ar cru libconftest.a @conftest.lst >&5
configure:5669: $? = 0
configure:5674: ar cru libconftest.a @conftest.lst >&5
ar: conftest.o: No such file or directory
configure:5677: $? = 1
configure:5689: result: @
configure:5747: checking for strip
configure:5763: found /usr/bin/strip
configure:5774: result: strip
configure:5846: checking for ranlib
configure:5873: result: ranlib
configure:5975: checking command to parse /usr/bin/nm -B output from gcc object
configure:6095: gcc -c -O2 -I/usr/local/wsnet-2.0   conftest.c >&5
configure:6098: $? = 0
configure:6102: /usr/bin/nm -B conftest.o \| sed -n -e 's/^.*[ ]\([ABCDGIRSTW][ABCDGIRSTW]*\)[ ][ ]*\([_A-Za-z][_A-Za-z0-9]*\)$/\1 \2 \2/p' | sed '/ __gnu_lto/d' \> conftest.nm
configure:6105: $? = 0
configure:6171: gcc -o conftest -O2 -I/usr/local/wsnet-2.0    conftest.c conftstm.o >&5
configure:6174: $? = 0
configure:6212: result: ok
configure:6249: checking for sysroot
configure:6279: result: no
configure:6548: checking for mt
configure:6564: found /bin/mt
configure:6575: result: mt
configure:6598: checking if mt is a manifest tool
configure:6604: mt '-?'
configure:6612: result: no
configure:7254: checking how to run the C preprocessor
configure:7285: gcc -E  conftest.c
configure:7285: $? = 0
configure:7299: gcc -E  conftest.c
conftest.c:11:28: fatal error: ac_nonexistent.h: No such file or directory
 #include <ac_nonexistent.h>
                            ^
compilation terminated.
configure:7299: $? = 1
configure: failed program was:
| /* confdefs.h */
| #define PACKAGE_NAME "wsnet"
| #define PACKAGE_TARNAME "wsnet"
| #define PACKAGE_VERSION "0.7cvs"
| #define PACKAGE_STRING "wsnet 0.7cvs"
| #define PACKAGE_BUGREPORT ""
| #define PACKAGE_URL ""
| #define PACKAGE "wsnet"
| #define VERSION "0.7cvs"
| /* end confdefs.h.  */
| #include <ac_nonexistent.h>
configure:7324: result: gcc -E
configure:7344: gcc -E  conftest.c
configure:7344: $? = 0
configure:7358: gcc -E  conftest.c
conftest.c:11:28: fatal error: ac_nonexistent.h: No such file or directory
 #include <ac_nonexistent.h>
                            ^
compilation terminated.
configure:7358: $? = 1
configure: failed program was:
| /* confdefs.h */
| #define PACKAGE_NAME "wsnet"
| #define PACKAGE_TARNAME "wsnet"
| #define PACKAGE_VERSION "0.7cvs"
| #define PACKAGE_STRING "wsnet 0.7cvs"
| #define PACKAGE_BUGREPORT ""
| #define PACKAGE_URL ""
| #define PACKAGE "wsnet"
| #define VERSION "0.7cvs"
| /* end confdefs.h.  */
| #include <ac_nonexistent.h>
configure:7387: checking for ANSI C header files
configure:7407: gcc -c -O2 -I/usr/local/wsnet-2.0   conftest.c >&5
configure:7407: $? = 0
configure:7480: gcc -o conftest -O2 -I/usr/local/wsnet-2.0    conftest.c  >&5
configure:7480: $? = 0
configure:7480: ./conftest
configure:7480: $? = 0
configure:7491: result: yes
configure:7504: checking for sys/types.h
configure:7504: gcc -c -O2 -I/usr/local/wsnet-2.0   conftest.c >&5
configure:7504: $? = 0
configure:7504: result: yes
configure:7504: checking for sys/stat.h
configure:7504: gcc -c -O2 -I/usr/local/wsnet-2.0   conftest.c >&5
configure:7504: $? = 0
configure:7504: result: yes
configure:7504: checking for stdlib.h
configure:7504: gcc -c -O2 -I/usr/local/wsnet-2.0   conftest.c >&5
configure:7504: $? = 0
configure:7504: result: yes
configure:7504: checking for string.h
configure:7504: gcc -c -O2 -I/usr/local/wsnet-2.0   conftest.c >&5
configure:7504: $? = 0
configure:7504: result: yes
configure:7504: checking for memory.h
configure:7504: gcc -c -O2 -I/usr/local/wsnet-2.0   conftest.c >&5
configure:7504: $? = 0
configure:7504: result: yes
configure:7504: checking for strings.h
configure:7504: gcc -c -O2 -I/usr/local/wsnet-2.0   conftest.c >&5
configure:7504: $? = 0
configure:7504: result: yes
configure:7504: checking for inttypes.h
configure:7504: gcc -c -O2 -I/usr/local/wsnet-2.0   conftest.c >&5
configure:7504: $? = 0
configure:7504: result: yes
configure:7504: checking for stdint.h
configure:7504: gcc -c -O2 -I/usr/local/wsnet-2.0   conftest.c >&5
configure:7504: $? = 0
configure:7504: result: yes
configure:7504: checking for unistd.h
configure:7504: gcc -c -O2 -I/usr/local/wsnet-2.0   conftest.c >&5
configure:7504: $? = 0
configure:7504: result: yes
configure:7518: checking for dlfcn.h
configure:7518: gcc -c -O2 -I/usr/local/wsnet-2.0   conftest.c >&5
configure:7518: $? = 0
configure:7518: result: yes
configure:7722: checking for objdir
configure:7737: result: .libs
configure:8004: checking if gcc supports -fno-rtti -fno-exceptions
configure:8022: gcc -c -O2 -I/usr/local/wsnet-2.0   -fno-rtti -fno-exceptions conftest.c >&5
cc1: warning: command line option '-fno-rtti' is valid for C++/ObjC++ but not for C
configure:8026: $? = 0
configure:8039: result: no
configure:8366: checking for gcc option to produce PIC
configure:8373: result: -fPIC -DPIC
configure:8381: checking if gcc PIC flag -fPIC -DPIC works
configure:8399: gcc -c -O2 -I/usr/local/wsnet-2.0   -fPIC -DPIC -DPIC conftest.c >&5
configure:8403: $? = 0
configure:8416: result: yes
configure:8445: checking if gcc static flag -static works
configure:8473: result: yes
configure:8488: checking if gcc supports -c -o file.o
configure:8509: gcc -c -O2 -I/usr/local/wsnet-2.0   -o out/conftest2.o conftest.c >&5
configure:8513: $? = 0
configure:8535: result: yes
configure:8543: checking if gcc supports -c -o file.o
configure:8590: result: yes
configure:8623: checking whether the gcc linker (/usr/bin/ld) supports shared libraries
configure:9780: result: yes
configure:9817: checking whether -lc should be explicitly linked in
configure:9825: gcc -c -O2 -I/usr/local/wsnet-2.0   conftest.c >&5
configure:9828: $? = 0
configure:9843: gcc -shared  -fPIC -DPIC conftest.o  -v -Wl,-soname -Wl,conftest -o conftest 2\>\&1 \| /bin/grep  -lc  \>/dev/null 2\>\&1
configure:9846: $? = 0
configure:9860: result: no
configure:10020: checking dynamic linker characteristics
configure:10520: gcc -o conftest -O2 -I/usr/local/wsnet-2.0    -Wl,-rpath -Wl,/foo conftest.c  >&5
configure:10520: $? = 0
configure:10754: result: GNU/Linux ld.so
configure:10861: checking how to hardcode library paths into programs
configure:10886: result: immediate
configure:10980: checking for shl_load
configure:10980: gcc -o conftest -O2 -I/usr/local/wsnet-2.0    conftest.c  >&5
/tmp/cc4RGAyw.o: In function `main':
conftest.c:(.text.startup+0x12): undefined reference to `shl_load'
collect2: error: ld returned 1 exit status
configure:10980: $? = 1
configure: failed program was:
| /* confdefs.h */
| #define PACKAGE_NAME "wsnet"
| #define PACKAGE_TARNAME "wsnet"
| #define PACKAGE_VERSION "0.7cvs"
| #define PACKAGE_STRING "wsnet 0.7cvs"
| #define PACKAGE_BUGREPORT ""
| #define PACKAGE_URL ""
| #define PACKAGE "wsnet"
| #define VERSION "0.7cvs"
| #define STDC_HEADERS 1
| #define HAVE_SYS_TYPES_H 1
| #define HAVE_SYS_STAT_H 1
| #define HAVE_STDLIB_H 1
| #define HAVE_STRING_H 1
| #define HAVE_MEMORY_H 1
| #define HAVE_STRINGS_H 1
| #define HAVE_INTTYPES_H 1
| #define HAVE_STDINT_H 1
| #define HAVE_UNISTD_H 1
| #define HAVE_DLFCN_H 1
| #define LT_OBJDIR ".libs/"
| /* end confdefs.h.  */
| /* Define shl_load to an innocuous variant, in case <limits.h> declares shl_load.
|    For example, HP-UX 11i <limits.h> declares gettimeofday.  */
| #define shl_load innocuous_shl_load
| 
| /* System header to define __stub macros and hopefully few prototypes,
|     which can conflict with char shl_load (); below.
|     Prefer <limits.h> to <assert.h> if __STDC__ is defined, since
|     <limits.h> exists even on freestanding compilers.  */
| 
| #ifdef __STDC__
| # include <limits.h>
| #else
| # include <assert.h>
| #endif
| 
| #undef shl_load
| 
| /* Override any GCC internal prototype to avoid an error.
|    Use char because int might match the return type of a GCC
|    builtin and then its argument prototype would still apply.  */
| #ifdef __cplusplus
| extern "C"
| #endif
| char shl_load ();
| /* The GNU C library defines this for functions which it implements
|     to always fail with ENOSYS.  Some functions are actually named
|     something starting with __ and the normal name is an alias.  */
| #if defined __stub_shl_load || defined __stub___shl_load
| choke me
| #endif
| 
| int
| main ()
| {
| return shl_load ();
|   ;
|   return 0;
| }
configure:10980: result: no
configure:10984: checking for shl_load in -ldld
configure:11009: gcc -o conftest -O2 -I/usr/local/wsnet-2.0    conftest.c -ldld   >&5
/usr/bin/ld: cannot find -ldld
collect2: error: ld returned 1 exit status
configure:11009: $? = 1
configure: failed program was:
| /* confdefs.h */
| #define PACKAGE_NAME "wsnet"
| #define PACKAGE_TARNAME "wsnet"
| #define PACKAGE_VERSION "0.7cvs"
| #define PACKAGE_STRING "wsnet 0.7cvs"
| #define PACKAGE_BUGREPORT ""
| #define PACKAGE_URL ""
| #define PACKAGE "wsnet"
| #define VERSION "0.7cvs"
| #define STDC_HEADERS 1
| #define HAVE_SYS_TYPES_H 1
| #define HAVE_SYS_STAT_H 1
| #define HAVE_STDLIB_H 1
| #define HAVE_STRING_H 1
| #define HAVE_MEMORY_H 1
| #define HAVE_STRINGS_H 1
| #define HAVE_INTTYPES_H 1
| #define HAVE_STDINT_H 1
| #define HAVE_UNISTD_H 1
| #define HAVE_DLFCN_H 1
| #define LT_OBJDIR ".libs/"
| /* end confdefs.h.  */
| 
| /* Override any GCC internal prototype to avoid an error.
|    Use char because int might match the return type of a GCC
|    builtin and then its argument prototype would still apply.  */
| #ifdef __cplusplus
| extern "C"
| #endif
| char shl_load ();
| int
| main ()
| {
| return shl_load ();
|   ;
|   return 0;
| }
configure:11018: result: no
configure:11023: checking for dlopen
configure:11023: gcc -o conftest -O2 -I/usr/local/wsnet-2.0    conftest.c  >&5
/tmp/cc0udoEG.o: In function `main':
conftest.c:(.text.startup+0x12): undefined reference to `dlopen'
collect2: error: ld returned 1 exit status
configure:11023: $? = 1
configure: failed program was:
| /* confdefs.h */
| #define PACKAGE_NAME "wsnet"
| #define PACKAGE_TARNAME "wsnet"
| #define PACKAGE_VERSION "0.7cvs"
| #define PACKAGE_STRING "wsnet 0.7cvs"
| #define PACKAGE_BUGREPORT ""
| #define PACKAGE_URL ""
| #define PACKAGE "wsnet"
| #define VERSION "0.7cvs"
| #define STDC_HEADERS 1
| #define HAVE_SYS_TYPES_H 1
| #define HAVE_SYS_STAT_H 1
| #define HAVE_STDLIB_H 1
| #define HAVE_STRING_H 1
| #define HAVE_MEMORY_H 1
| #define HAVE_STRINGS_H 1
| #define HAVE_INTTYPES_H 1
| #define HAVE_STDINT_H 1
| #define HAVE_UNISTD_H 1
| #define HAVE_DLFCN_H 1
| #define LT_OBJDIR ".libs/"
| /* end confdefs.h.  */
| /* Define dlopen to an innocuous variant, in case <limits.h> declares dlopen.
|    For example, HP-UX 11i <limits.h> declares gettimeofday.  */
| #define dlopen innocuous_dlopen
| 
| /* System header to define __stub macros and hopefully few prototypes,
|     which can conflict with char dlopen (); below.
|     Prefer <limits.h> to <assert.h> if __STDC__ is defined, since
|     <limits.h> exists even on freestanding compilers.  */
| 
| #ifdef __STDC__
| # include <limits.h>
| #else
| # include <assert.h>
| #endif
| 
| #undef dlopen
| 
| /* Override any GCC internal prototype to avoid an error.
|    Use char because int might match the return type of a GCC
|    builtin and then its argument prototype would still apply.  */
| #ifdef __cplusplus
| extern "C"
| #endif
| char dlopen ();
| /* The GNU C library defines this for functions which it implements
|     to always fail with ENOSYS.  Some functions are actually named
|     something starting with __ and the normal name is an alias.  */
| #if defined __stub_dlopen || defined __stub___dlopen
| choke me
| #endif
| 
| int
| main ()
| {
| return dlopen ();
|   ;
|   return 0;
| }
configure:11023: result: no
configure:11027: checking for dlopen in -ldl
configure:11052: gcc -o conftest -O2 -I/usr/local/wsnet-2.0    conftest.c -ldl   >&5
configure:11052: $? = 0
configure:11061: result: yes
configure:11180: checking whether a program can dlopen itself
configure:11260: gcc -o conftest -O2 -I/usr/local/wsnet-2.0   -DHAVE_DLFCN_H  -Wl,--export-dynamic conftest.c -ldl  >&5
configure:11263: $? = 0
configure:11281: result: yes
configure:11286: checking whether a statically linked program can dlopen itself
configure:11366: gcc -o conftest -O2 -I/usr/local/wsnet-2.0   -DHAVE_DLFCN_H  -Wl,--export-dynamic -static conftest.c -ldl  >&5
/tmp/ccBcfSDN.o: In function `main':
conftest.c:(.text.startup+0x1a): warning: Using 'dlopen' in statically linked applications requires at runtime the shared libraries from the glibc version used for linking
/usr/bin/ld: dynamic STT_GNU_IFUNC symbol `strcmp' with pointer equality in `/usr/lib/gcc/i686-linux-gnu/4.9/../../../i386-linux-gnu/libc.a(strcmp.o)' can not be used when making an executable; recompile with -fPIE and relink with -pie
collect2: error: ld returned 1 exit status
configure:11369: $? = 1
configure:11387: result: no
configure:11426: checking whether stripping libraries is possible
configure:11431: result: yes
configure:11466: checking if libtool supports shared libraries
configure:11468: result: yes
configure:11471: checking whether to build shared libraries
configure:11492: result: yes
configure:11495: checking whether to build static libraries
configure:11499: result: yes
configure:11584: checking for gcc
configure:11611: result: gcc
configure:11840: checking for C compiler version
configure:11849: gcc --version >&5
gcc (Ubuntu 4.9.2-10ubuntu2) 4.9.2
Copyright (C) 2014 Free Software Foundation, Inc.
This is free software; see the source for copying conditions.  There is NO
warranty; not even for MERCHANTABILITY or FITNESS FOR A PARTICULAR PURPOSE.

configure:11860: $? = 0
configure:11849: gcc -v >&5
Using built-in specs.
COLLECT_GCC=gcc
COLLECT_LTO_WRAPPER=/usr/lib/gcc/i686-linux-gnu/4.9/lto-wrapper
Target: i686-linux-gnu
Configured with: ../src/configure -v --with-pkgversion='Ubuntu 4.9.2-10ubuntu2' --with-bugurl=file:///usr/share/doc/gcc-4.9/README.Bugs --enable-languages=c,c++,java,go,d,fortran,objc,obj-c++ --prefix=/usr --program-suffix=-4.9 --enable-shared --enable-linker-build-id --libexecdir=/usr/lib --without-included-gettext --enable-threads=posix --with-gxx-include-dir=/usr/include/c++/4.9 --libdir=/usr/lib --enable-nls --with-sysroot=/ --enable-clocale=gnu --enable-libstdcxx-debug --enable-libstdcxx-time=yes --enable-gnu-unique-object --disable-vtable-verify --enable-plugin --with-system-zlib --disable-browser-plugin --enable-java-awt=gtk --enable-gtk-cairo --with-java-home=/usr/lib/jvm/java-1.5.0-gcj-4.9-i386/jre --enable-java-home --with-jvm-root-dir=/usr/lib/jvm/java-1.5.0-gcj-4.9-i386 --with-jvm-jar-dir=/usr/lib/jvm-exports/java-1.5.0-gcj-4.9-i386 --with-arch-directory=i386 --with-ecj-jar=/usr/share/java/eclipse-ecj.jar --enable-objc-gc --enable-targets=all --enable-multiarch --disable-werror --with-arch-32=i686 --with-multilib-list=m32,m64,mx32 --enable-multilib --with-tune=generic --enable-checking=release --build=i686-linux-gnu --host=i686-linux-gnu --target=i686-linux-gnu
Thread model: posix
gcc version 4.9.2 (Ubuntu 4.9.2-10ubuntu2) 
configure:11860: $? = 0
configure:11849: gcc -V >&5
gcc: error: unrecognized command line option '-V'
gcc: fatal error: no input files
compilation terminated.
configure:11860: $? = 4
configure:11849: gcc -qversion >&5
gcc: error: unrecognized command line option '-qversion'
gcc: fatal error: no input files
compilation terminated.
configure:11860: $? = 4
configure:11864: checking whether we are using the GNU C compiler
configure:11892: result: yes
configure:11901: checking whether gcc accepts -g
configure:11962: result: yes
configure:11979: checking for gcc option to accept ISO C89
configure:12055: result: none needed
configure:12080: checking whether gcc understands -c and -o together
configure:12117: result: yes
configure:12136: checking dependency style of gcc
configure:12247: result: gcc3
configure:12276: checking for pkg-config
configure:12295: found /usr/bin/pkg-config
configure:12307: result: /usr/bin/pkg-config
configure:12442: checking that generated files are newer than configure
configure:12448: result: done
configure:12475: creating ./config.status

## ---------------------- ##
## Running config.status. ##
## ---------------------- ##

This file was extended by wsnet config.status 0.7cvs, which was
generated by GNU Autoconf 2.69.  Invocation command line was

  CONFIG_FILES    = 
  CONFIG_HEADERS  = 
  CONFIG_LINKS    = 
  CONFIG_COMMANDS = 
  $ ./config.status 

on osboxes

config.status:1089: creating Makefile
config.status:1089: creating config.h
config.status:1318: executing depfiles commands
config.status:1318: executing libtool commands

## ---------------- ##
## Cache variables. ##
## ---------------- ##

ac_cv_build=i686-pc-linux-gnu
ac_cv_c_compiler_gnu=yes
ac_cv_env_CC_set=
ac_cv_env_CC_value=
ac_cv_env_CFLAGS_set=
ac_cv_env_CFLAGS_value=
ac_cv_env_CPPFLAGS_set=
ac_cv_env_CPPFLAGS_value=
ac_cv_env_CPP_set=
ac_cv_env_CPP_value=
ac_cv_env_GLIB_FLAGS_set=
ac_cv_env_GLIB_FLAGS_value=
ac_cv_env_GLIB_LIBS_set=
ac_cv_env_GLIB_LIBS_value=
ac_cv_env_LDFLAGS_set=
ac_cv_env_LDFLAGS_value=
ac_cv_env_LIBS_set=
ac_cv_env_LIBS_value=
ac_cv_env_PKG_CONFIG_DIR_set=
ac_cv_env_PKG_CONFIG_DIR_value=
ac_cv_env_WSNET_DIR_set=
ac_cv_env_WSNET_DIR_value=
ac_cv_env_build_alias_set=
ac_cv_env_build_alias_value=
ac_cv_env_host_alias_set=
ac_cv_env_host_alias_value=
ac_cv_env_target_alias_set=
ac_cv_env_target_alias_value=
ac_cv_func_dlopen=no
ac_cv_func_shl_load=no
ac_cv_header_dlfcn_h=yes
ac_cv_header_inttypes_h=yes
ac_cv_header_memory_h=yes
ac_cv_header_stdc=yes
ac_cv_header_stdint_h=yes
ac_cv_header_stdlib_h=yes
ac_cv_header_string_h=yes
ac_cv_header_strings_h=yes
ac_cv_header_sys_stat_h=yes
ac_cv_header_sys_types_h=yes
ac_cv_header_unistd_h=yes
ac_cv_host=i686-pc-linux-gnu
ac_cv_lib_dl_dlopen=yes
ac_cv_lib_dld_shl_load=no
ac_cv_objext=o
ac_cv_path_EGREP='/bin/grep -E'
ac_cv_path_FGREP='/bin/grep -F'
ac_cv_path_GREP=/bin/grep
ac_cv_path_PKG_CONFIG=/usr/bin/pkg-config
ac_cv_path_SED=/bin/sed
ac_cv_path_install='/usr/bin/install -c'
ac_cv_path_mkdir=/bin/mkdir
ac_cv_prog_AWK=mawk
ac_cv_prog_CPP='gcc -E'
ac_cv_prog_ac_ct_AR=ar
ac_cv_prog_ac_ct_CC=gcc
ac_cv_prog_ac_ct_MANIFEST_TOOL=mt
ac_cv_prog_ac_ct_OBJDUMP=objdump
ac_cv_prog_ac_ct_RANLIB=ranlib
ac_cv_prog_ac_ct_STRIP=strip
ac_cv_prog_cc_c89=
ac_cv_prog_cc_g=yes
ac_cv_prog_make_make_set=yes
ac_cv_target=i686-pc-linux-gnu
am_cv_CC_dependencies_compiler_type=gcc3
am_cv_make_support_nested_variables=yes
am_cv_prog_cc_c_o=yes
lt_cv_ar_at_file=@
lt_cv_archive_cmds_need_lc=no
lt_cv_deplibs_check_method=pass_all
lt_cv_dlopen=dlopen
lt_cv_dlopen_libs=-ldl
lt_cv_dlopen_self=yes
lt_cv_dlopen_self_static=no
lt_cv_file_magic_cmd='$MAGIC_CMD'
lt_cv_file_magic_test_file=
lt_cv_ld_reload_flag=-r
lt_cv_nm_interface='BSD nm'
lt_cv_objdir=.libs
lt_cv_path_LD=/usr/bin/ld
lt_cv_path_NM='/usr/bin/nm -B'
lt_cv_path_mainfest_tool=no
lt_cv_prog_compiler_c_o=yes
lt_cv_prog_compiler_pic='-fPIC -DPIC'
lt_cv_prog_compiler_pic_works=yes
lt_cv_prog_compiler_rtti_exceptions=no
lt_cv_prog_compiler_static_works=yes
lt_cv_prog_gnu_ld=yes
lt_cv_sharedlib_from_linklib_cmd='printf %s\n'
lt_cv_shlibpath_overrides_runpath=no
lt_cv_sys_global_symbol_pipe='sed -n -e '\''s/^.*[	 ]\([ABCDGIRSTW][ABCDGIRSTW]*\)[	 ][	 ]*\([_A-Za-z][_A-Za-z0-9]*\)$/\1 \2 \2/p'\'' | sed '\''/ __gnu_lto/d'\'''
lt_cv_sys_global_symbol_to_c_name_address='sed -n -e '\''s/^: \([^ ]*\)[ ]*$/  {\"\1\", (void *) 0},/p'\'' -e '\''s/^[ABCDGIRSTW]* \([^ ]*\) \([^ ]*\)$/  {"\2", (void *) \&\2},/p'\'''
lt_cv_sys_global_symbol_to_c_name_address_lib_prefix='sed -n -e '\''s/^: \([^ ]*\)[ ]*$/  {\"\1\", (void *) 0},/p'\'' -e '\''s/^[ABCDGIRSTW]* \([^ ]*\) \(lib[^ ]*\)$/  {"\2", (void *) \&\2},/p'\'' -e '\''s/^[ABCDGIRSTW]* \([^ ]*\) \([^ ]*\)$/  {"lib\2", (void *) \&\2},/p'\'''
lt_cv_sys_global_symbol_to_cdecl='sed -n -e '\''s/^T .* \(.*\)$/extern int \1();/p'\'' -e '\''s/^[ABCDGIRSTW]* .* \(.*\)$/extern char \1;/p'\'''
lt_cv_sys_max_cmd_len=1572864
lt_cv_to_host_file_cmd=func_convert_file_noop
lt_cv_to_tool_file_cmd=func_convert_file_noop

## ----------------- ##
## Output variables. ##
## ----------------- ##

ACLOCAL='${SHELL} /home/wsnet/too/wsnet-module/user_models/myenergy/missing aclocal-1.14'
AMDEPBACKSLASH='\'
AMDEP_FALSE='#'
AMDEP_TRUE=''
AMTAR='$${TAR-tar}'
AM_BACKSLASH='\'
AM_DEFAULT_V='$(AM_DEFAULT_VERBOSITY)'
AM_DEFAULT_VERBOSITY='1'
AM_V='$(V)'
AR='ar'
AUTOCONF='${SHELL} /home/wsnet/too/wsnet-module/user_models/myenergy/missing autoconf'
AUTOHEADER='${SHELL} /home/wsnet/too/wsnet-module/user_models/myenergy/missing autoheader'
AUTOMAKE='${SHELL} /home/wsnet/too/wsnet-module/user_models/myenergy/missing automake-1.14'
AWK='mawk'
CC='gcc'
CCDEPMODE='depmode=gcc3'
CFLAGS='-O2 -I/usr/local/wsnet-2.0 '
CPP='gcc -E'
CPPFLAGS=''
CYGPATH_W='echo'
DEFS='-DHAVE_CONFIG_H'
DEPDIR='.deps'
DLLTOOL='false'
DSYMUTIL=''
DUMPBIN=''
ECHO_C=''
ECHO_N='-n'
ECHO_T=''
EGREP='/bin/grep -E'
EXEEXT=''
FGREP='/bin/grep -F'
GLIB_FLAGS='-pthread -I/usr/include/glib-2.0 -I/usr/lib/i386-linux-gnu/glib-2.0/include '
GLIB_LIBS='-Wl,--export-dynamic -lgmodule-2.0 -pthread -lglib-2.0 '
GREP='/bin/grep'
INSTALL_DATA='${INSTALL} -m 644'
INSTALL_PROGRAM='${INSTALL}'
INSTALL_SCRIPT='${INSTALL}'
INSTALL_STRIP_PROGRAM='$(install_sh) -c -s'
LD='/usr/bin/ld'
LDFLAGS=''
LIBOBJS=''
LIBS=''
LIBTOOL='$(SHELL) $(top_builddir)/libtool'
LIPO=''
LN_S='ln -s'
LTLIBOBJS=''
MAKEINFO='${SHELL} /home/wsnet/too/wsnet-module/user_models/myenergy/missing makeinfo'
MANIFEST_TOOL=':'
MKDIR_P='/bin/mkdir -p'
NM='/usr/bin/nm -B'
NMEDIT=''
OBJDUMP='objdump'
OBJEXT='o'
OTOOL64=''
OTOOL=''
PACKAGE='wsnet'
PACKAGE_BUGREPORT=''
PACKAGE_NAME='wsnet'
PACKAGE_STRING='wsnet 0.7cvs'
PACKAGE_TARNAME='wsnet'
PACKAGE_URL=''
PACKAGE_VERSION='0.7cvs'
PATH_SEPARATOR=':'
PKG_CONFIG='/usr/bin/pkg-config'
PKG_CONFIG_DIR=''
RANLIB='ranlib'
SED='/bin/sed'
SET_MAKE=''
SHELL='/bin/bash'
STRIP='strip'
VERSION='0.7cvs'
WSNET_DIR='/usr/local/wsnet-2.0'
ac_ct_AR='ar'
ac_ct_CC='gcc'
ac_ct_DUMPBIN=''
am__EXEEXT_FALSE=''
am__EXEEXT_TRUE='#'
am__fastdepCC_FALSE='#'
am__fastdepCC_TRUE=''
am__include='include'
am__isrc=''
am__leading_dot='.'
am__nodep='_no'
am__quote=''
am__tar='$${TAR-tar} chof - "$$tardir"'
am__untar='$${TAR-tar} xf -'
bindir='${exec_prefix}/bin'
build='i686-pc-linux-gnu'
build_alias=''
build_cpu='i686'
build_os='linux-gnu'
build_vendor='pc'
datadir='${datarootdir}'
datarootdir='${prefix}/share'
docdir='${datarootdir}/doc/${PACKAGE_TARNAME}'
dvidir='${docdir}'
exec_prefix='${prefix}'
host='i686-pc-linux-gnu'
host_alias=''
host_cpu='i686'
host_os='linux-gnu'
host_vendor='pc'
htmldir='${docdir}'
includedir='${prefix}/include'
infodir='${datarootdir}/info'
install_sh='${SHELL} /home/wsnet/too/wsnet-module/user_models/myenergy/install-sh'
libdir='/home/wsnet/too/wsnet-module/lib'
libexecdir='${exec_prefix}/libexec'
localedir='${datarootdir}/locale'
localstatedir='${prefix}/var'
mandir='${datarootdir}/man'
mkdir_p='$(MKDIR_P)'
oldincludedir='/usr/include'
pdfdir='${docdir}'
prefix='/home/wsnet/too/wsnet-module'
program_transform_name='s,x,x,'
psdir='${docdir}'
sbindir='${exec_prefix}/sbin'
sharedstatedir='${prefix}/com'
sysconfdir='${prefix}/etc'
target='i686-pc-linux-gnu'
target_alias=''
target_cpu='i686'
target_os='linux-gnu'
target_vendor='pc'

## ----------- ##
## confdefs.h. ##
## ----------- ##

/* confdefs.h */
#define PACKAGE_NAME "wsnet"
#define PACKAGE_TARNAME "wsnet"
#define PACKAGE_VERSION "0.7cvs"
#define PACKAGE_STRING "wsnet 0.7cvs"
#define PACKAGE_BUGREPORT ""
#define PACKAGE_URL ""
#define PACKAGE "wsnet"
#define VERSION "0.7cvs"
#define STDC_HEADERS 1
#define HAVE_SYS_TYPES_H 1
#define HAVE_SYS_STAT_H 1
#define HAVE_STDLIB_H 1
#define HAVE_STRING_H 1
#define HAVE_MEMORY_H 1
#define HAVE_STRINGS_H 1
#define HAVE_INTTYPES_H 1
#define HAVE_STDINT_H 1
#define HAVE_UNISTD_H 1
#define HAVE_DLFCN_H 1
#define LT_OBJDIR ".libs/"

configure: exit 0
